c:\users\toby joseph\documents\education\notingham trent university\year 2\software design & implementation\cw2\cw2\cw2\debug\vc140.pdb
c:\users\toby joseph\documents\education\notingham trent university\year 2\software design & implementation\cw2\cw2\cw2\debug\vc140.idb
c:\users\toby joseph\documents\education\notingham trent university\year 2\software design & implementation\cw2\cw2\cw2\debug\combobox.obj
c:\users\toby joseph\documents\education\notingham trent university\year 2\software design & implementation\cw2\cw2\cw2\debug\controller.obj
c:\users\toby joseph\documents\education\notingham trent university\year 2\software design & implementation\cw2\cw2\cw2\debug\crew.obj
c:\users\toby joseph\documents\education\notingham trent university\year 2\software design & implementation\cw2\cw2\cw2\debug\double_sidedopticaldisc.obj
c:\users\toby joseph\documents\education\notingham trent university\year 2\software design & implementation\cw2\cw2\cw2\debug\filemanager.obj
c:\users\toby joseph\documents\education\notingham trent university\year 2\software design & implementation\cw2\cw2\cw2\debug\main.obj
c:\users\toby joseph\documents\education\notingham trent university\year 2\software design & implementation\cw2\cw2\cw2\debug\material.obj
c:\users\toby joseph\documents\education\notingham trent university\year 2\software design & implementation\cw2\cw2\cw2\debug\medium.obj
c:\users\toby joseph\documents\education\notingham trent university\year 2\software design & implementation\cw2\cw2\cw2\debug\multiplelanguages.obj
c:\users\toby joseph\documents\education\notingham trent university\year 2\software design & implementation\cw2\cw2\cw2\debug\multiplesubtitles.obj
c:\users\toby joseph\documents\education\notingham trent university\year 2\software design & implementation\cw2\cw2\cw2\debug\opticaldisc.obj
c:\users\toby joseph\documents\education\notingham trent university\year 2\software design & implementation\cw2\cw2\cw2\debug\packaging.obj
c:\users\toby joseph\documents\education\notingham trent university\year 2\software design & implementation\cw2\cw2\cw2\debug\project.obj
c:\users\toby joseph\documents\education\notingham trent university\year 2\software design & implementation\cw2\cw2\cw2\debug\singlelanguage.obj
c:\users\toby joseph\documents\education\notingham trent university\year 2\software design & implementation\cw2\cw2\cw2\debug\singlesubtitle.obj
c:\users\toby joseph\documents\education\notingham trent university\year 2\software design & implementation\cw2\cw2\cw2\debug\single_sidedopticaldisc.obj
c:\users\toby joseph\documents\education\notingham trent university\year 2\software design & implementation\cw2\cw2\cw2\debug\vhs.obj
c:\users\toby joseph\documents\education\notingham trent university\year 2\software design & implementation\cw2\cw2\cw2\debug\view.obj
f:\notingham trent university\year 2\software design & implementation\cw2\cw2\cw2\debug\vc140.pdb
f:\notingham trent university\year 2\software design & implementation\cw2\cw2\cw2\debug\vc140.idb
f:\notingham trent university\year 2\software design & implementation\cw2\cw2\cw2\debug\combobox.obj
f:\notingham trent university\year 2\software design & implementation\cw2\cw2\cw2\debug\controller.obj
f:\notingham trent university\year 2\software design & implementation\cw2\cw2\cw2\debug\crew.obj
f:\notingham trent university\year 2\software design & implementation\cw2\cw2\cw2\debug\double_sidedopticaldisc.obj
f:\notingham trent university\year 2\software design & implementation\cw2\cw2\cw2\debug\filemanager.obj
f:\notingham trent university\year 2\software design & implementation\cw2\cw2\cw2\debug\main.obj
f:\notingham trent university\year 2\software design & implementation\cw2\cw2\cw2\debug\material.obj
f:\notingham trent university\year 2\software design & implementation\cw2\cw2\cw2\debug\medium.obj
f:\notingham trent university\year 2\software design & implementation\cw2\cw2\cw2\debug\multiplelanguages.obj
f:\notingham trent university\year 2\software design & implementation\cw2\cw2\cw2\debug\multiplesubtitles.obj
f:\notingham trent university\year 2\software design & implementation\cw2\cw2\cw2\debug\opticaldisc.obj
f:\notingham trent university\year 2\software design & implementation\cw2\cw2\cw2\debug\packaging.obj
f:\notingham trent university\year 2\software design & implementation\cw2\cw2\cw2\debug\project.obj
f:\notingham trent university\year 2\software design & implementation\cw2\cw2\cw2\debug\singlelanguage.obj
f:\notingham trent university\year 2\software design & implementation\cw2\cw2\cw2\debug\singlesubtitle.obj
f:\notingham trent university\year 2\software design & implementation\cw2\cw2\cw2\debug\single_sidedopticaldisc.obj
f:\notingham trent university\year 2\software design & implementation\cw2\cw2\cw2\debug\vhs.obj
f:\notingham trent university\year 2\software design & implementation\cw2\cw2\cw2\debug\view.obj
c:\users\toby joseph\documents\education\notingham trent university\year 2\software design & implementation\cw2\cw2\debug\cw2.ilk
c:\users\toby joseph\documents\education\notingham trent university\year 2\software design & implementation\cw2\cw2\debug\cw2.exe
c:\users\toby joseph\documents\education\notingham trent university\year 2\software design & implementation\cw2\cw2\debug\cw2.pdb
f:\notingham trent university\year 2\software design & implementation\cw2\cw2\cw2\debug\vc120.idb
f:\notingham trent university\year 2\software design & implementation\cw2\cw2\cw2\debug\vc120.pdb
f:\notingham trent university\year 2\software design & implementation\cw2\cw2\debug\cw2.pdb
f:\notingham trent university\year 2\software design & implementation\cw2\cw2\debug\cw2.exe
f:\notingham trent university\year 2\software design & implementation\cw2\cw2\debug\cw2.ilk
f:\notingham trent university\year 2\software design & implementation\cw2\cw2\cw2\debug\cw2.tlog\cl.command.1.tlog
f:\notingham trent university\year 2\software design & implementation\cw2\cw2\cw2\debug\cw2.tlog\cl.read.1.tlog
f:\notingham trent university\year 2\software design & implementation\cw2\cw2\cw2\debug\cw2.tlog\cl.write.1.tlog
f:\notingham trent university\year 2\software design & implementation\cw2\cw2\cw2\debug\cw2.tlog\link.command.1.tlog
f:\notingham trent university\year 2\software design & implementation\cw2\cw2\cw2\debug\cw2.tlog\link.read.1.tlog
f:\notingham trent university\year 2\software design & implementation\cw2\cw2\cw2\debug\cw2.tlog\link.write.1.tlog
